C51 COMPILER V7.06   FX2LPSERIAL                                                           05/10/2013 14:50:51 PAGE 1   


C51 COMPILER V7.06, COMPILATION OF MODULE FX2LPSERIAL
OBJECT MODULE PLACED IN FX2LPSerial.OBJ
COMPILER INVOKED BY: C:\Keil\C51\BIN\C51.EXE FX2LPSerial.c DEBUG OBJECTEXTEND

stmt level    source

   1          
   2          #include "fx2.h"
   3          #include "fx2regs.h"
   4          #include "FX2LPserial.h"
   5          
   6          void FX2LPSerial_Init()  // initializes the registers for using Timer2 as baud rate generator for a Baud r
             -ate of 38400.
   7          {
   8   1              T2CON = 0x34 ;
   9   1              RCAP2H  = 0xFF ;
  10   1              RCAP2L = 0xD9;
  11   1              SCON0 = 0x5A ;
  12   1              TI = 1;
  13   1      
  14   1      CPUCS = ((CPUCS & ~bmCLKSPD) | bmCLKSPD1) ;     //Setting up the clock frequency
  15   1      
  16   1      
  17   1              FX2LPSerial_XmitString("\r\n->Initialized.... \n\n") ;          //Clearing the output screen
  18   1               
  19   1      }
  20          
  21          void FX2LPSerial_XmitChar(char ch) reentrant // prints a character
  22          {
  23   1              while (TI == 0) ;
  24   1              TI = 0 ;
  25   1              SBUF0 = ch ;    //print the character
  26   1      }
  27          
  28          void FX2LPSerial_XmitHex1(BYTE b) // intermediate function to print the 4-bit nibble in hex format
  29          {
  30   1              if (b < 10)
  31   1                      FX2LPSerial_XmitChar(b + '0') ;
  32   1              else
  33   1                      FX2LPSerial_XmitChar(b - 10 + 'A') ;
  34   1      }
  35          
  36          void FX2LPSerial_XmitHex2(BYTE b) // prints the value of the BYTE variable in hex
  37          {
  38   1              FX2LPSerial_XmitHex1((b >> 4) & 0x0f) ;
  39   1              FX2LPSerial_XmitHex1(b & 0x0f) ;
  40   1      }
  41          
  42          void FX2LPSerial_XmitHex4(WORD w) // prints the value of the WORD variable in hex
  43          {
  44   1              FX2LPSerial_XmitHex2((w >> 8) & 0xff) ;
  45   1              FX2LPSerial_XmitHex2(w & 0xff) ;
  46   1      }
  47          
  48          void FX2LPSerial_XmitString(char *str) reentrant
  49          {
  50   1              while (*str)
  51   1                      FX2LPSerial_XmitChar(*str++) ;
  52   1      }
  53          
  54          
C51 COMPILER V7.06   FX2LPSERIAL                                                           05/10/2013 14:50:51 PAGE 2   



MODULE INFORMATION:   STATIC OVERLAYABLE
   CODE SIZE        =    165    ----
   CONSTANT SIZE    =     23    ----
   XDATA SIZE       =   ----    ----
   PDATA SIZE       =   ----    ----
   DATA SIZE        =   ----    ----
   IDATA SIZE       =   ----    ----
   BIT SIZE         =   ----    ----
END OF MODULE INFORMATION.


C51 COMPILATION COMPLETE.  0 WARNING(S),  0 ERROR(S)
